{"/Users/zouhir/Projects/scroll-timeline/src/scroll-timeline-base.js": {"path":"/Users/zouhir/Projects/scroll-timeline/src/scroll-timeline-base.js","statementMap":{"0":{"start":{"line":17,"column":28},"end":{"line":17,"column":41}},"1":{"start":{"line":20,"column":2},"end":{"line":21,"column":20}},"2":{"start":{"line":21,"column":4},"end":{"line":21,"column":20}},"3":{"start":{"line":22,"column":2},"end":{"line":22,"column":22}},"4":{"start":{"line":26,"column":2},"end":{"line":27,"column":20}},"5":{"start":{"line":27,"column":4},"end":{"line":27,"column":20}},"6":{"start":{"line":28,"column":2},"end":{"line":28,"column":132}},"7":{"start":{"line":31,"column":37},"end":{"line":31,"column":39}},"8":{"start":{"line":34,"column":2},"end":{"line":37,"column":5}},"9":{"start":{"line":38,"column":2},"end":{"line":38,"column":39}},"10":{"start":{"line":43,"column":2},"end":{"line":46,"column":31}},"11":{"start":{"line":44,"column":4},"end":{"line":44,"column":29}},"12":{"start":{"line":45,"column":7},"end":{"line":46,"column":31}},"13":{"start":{"line":46,"column":4},"end":{"line":46,"column":31}},"14":{"start":{"line":47,"column":2},"end":{"line":50,"column":63}},"15":{"start":{"line":48,"column":4},"end":{"line":48,"column":65}},"16":{"start":{"line":49,"column":7},"end":{"line":50,"column":63}},"17":{"start":{"line":50,"column":4},"end":{"line":50,"column":63}},"18":{"start":{"line":55,"column":2},"end":{"line":56,"column":87}},"19":{"start":{"line":56,"column":4},"end":{"line":56,"column":87}},"20":{"start":{"line":58,"column":2},"end":{"line":61,"column":31}},"21":{"start":{"line":59,"column":4},"end":{"line":59,"column":29}},"22":{"start":{"line":60,"column":7},"end":{"line":61,"column":31}},"23":{"start":{"line":61,"column":4},"end":{"line":61,"column":31}},"24":{"start":{"line":63,"column":17},"end":{"line":65,"column":55}},"25":{"start":{"line":66,"column":15},"end":{"line":66,"column":66}},"26":{"start":{"line":67,"column":2},"end":{"line":68,"column":53}},"27":{"start":{"line":68,"column":4},"end":{"line":68,"column":53}},"28":{"start":{"line":69,"column":2},"end":{"line":69,"column":34}},"29":{"start":{"line":73,"column":18},"end":{"line":73,"column":42}},"30":{"start":{"line":74,"column":2},"end":{"line":82,"column":3}},"31":{"start":{"line":75,"column":4},"end":{"line":75,"column":18}},"32":{"start":{"line":76,"column":18},"end":{"line":76,"column":76}},"33":{"start":{"line":77,"column":4},"end":{"line":79,"column":5}},"34":{"start":{"line":77,"column":17},"end":{"line":77,"column":18}},"35":{"start":{"line":78,"column":6},"end":{"line":78,"column":76}},"36":{"start":{"line":80,"column":4},"end":{"line":81,"column":20}},"37":{"start":{"line":81,"column":6},"end":{"line":81,"column":20}},"38":{"start":{"line":83,"column":2},"end":{"line":83,"column":19}},"39":{"start":{"line":87,"column":19},"end":{"line":87,"column":79}},"40":{"start":{"line":88,"column":2},"end":{"line":89,"column":11}},"41":{"start":{"line":89,"column":4},"end":{"line":89,"column":11}},"42":{"start":{"line":90,"column":20},"end":{"line":90,"column":54}},"43":{"start":{"line":91,"column":2},"end":{"line":101,"column":3}},"44":{"start":{"line":91,"column":15},"end":{"line":91,"column":16}},"45":{"start":{"line":95,"column":4},"end":{"line":100,"column":5}},"46":{"start":{"line":96,"column":6},"end":{"line":97,"column":31}},"47":{"start":{"line":97,"column":8},"end":{"line":97,"column":31}},"48":{"start":{"line":99,"column":6},"end":{"line":99,"column":46}},"49":{"start":{"line":105,"column":19},"end":{"line":105,"column":71}},"50":{"start":{"line":106,"column":25},"end":{"line":106,"column":83}},"51":{"start":{"line":107,"column":2},"end":{"line":107,"column":29}},"52":{"start":{"line":108,"column":2},"end":{"line":108,"column":33}},"53":{"start":{"line":109,"column":2},"end":{"line":109,"column":33}},"54":{"start":{"line":114,"column":2},"end":{"line":114,"column":51}},"55":{"start":{"line":118,"column":19},"end":{"line":118,"column":71}},"56":{"start":{"line":119,"column":14},"end":{"line":119,"column":43}},"57":{"start":{"line":120,"column":2},"end":{"line":121,"column":11}},"58":{"start":{"line":121,"column":4},"end":{"line":121,"column":11}},"59":{"start":{"line":122,"column":2},"end":{"line":122,"column":30}},"60":{"start":{"line":123,"column":2},"end":{"line":123,"column":78}},"61":{"start":{"line":128,"column":4},"end":{"line":139,"column":7}},"62":{"start":{"line":140,"column":4},"end":{"line":140,"column":85}},"63":{"start":{"line":141,"column":4},"end":{"line":141,"column":65}},"64":{"start":{"line":142,"column":4},"end":{"line":142,"column":76}},"65":{"start":{"line":143,"column":4},"end":{"line":143,"column":72}},"66":{"start":{"line":144,"column":4},"end":{"line":144,"column":60}},"67":{"start":{"line":145,"column":4},"end":{"line":145,"column":50}},"68":{"start":{"line":149,"column":4},"end":{"line":150,"column":101}},"69":{"start":{"line":150,"column":6},"end":{"line":150,"column":101}},"70":{"start":{"line":150,"column":79},"end":{"line":150,"column":99}},"71":{"start":{"line":151,"column":4},"end":{"line":152,"column":42}},"72":{"start":{"line":152,"column":6},"end":{"line":152,"column":42}},"73":{"start":{"line":153,"column":4},"end":{"line":153,"column":59}},"74":{"start":{"line":154,"column":4},"end":{"line":154,"column":86}},"75":{"start":{"line":154,"column":64},"end":{"line":154,"column":84}},"76":{"start":{"line":155,"column":4},"end":{"line":155,"column":24}},"77":{"start":{"line":159,"column":4},"end":{"line":159,"column":56}},"78":{"start":{"line":163,"column":4},"end":{"line":164,"column":28}},"79":{"start":{"line":164,"column":6},"end":{"line":164,"column":28}},"80":{"start":{"line":165,"column":4},"end":{"line":165,"column":62}},"81":{"start":{"line":166,"column":4},"end":{"line":166,"column":25}},"82":{"start":{"line":170,"column":4},"end":{"line":170,"column":55}},"83":{"start":{"line":174,"column":29},"end":{"line":174,"column":60}},"84":{"start":{"line":176,"column":4},"end":{"line":176,"column":55}},"85":{"start":{"line":177,"column":4},"end":{"line":184,"column":5}},"86":{"start":{"line":177,"column":17},"end":{"line":177,"column":18}},"87":{"start":{"line":178,"column":19},"end":{"line":178,"column":66}},"88":{"start":{"line":179,"column":6},"end":{"line":183,"column":7}},"89":{"start":{"line":180,"column":8},"end":{"line":180,"column":24}},"90":{"start":{"line":181,"column":8},"end":{"line":181,"column":97}},"91":{"start":{"line":182,"column":8},"end":{"line":182,"column":14}},"92":{"start":{"line":185,"column":4},"end":{"line":185,"column":49}},"93":{"start":{"line":186,"column":4},"end":{"line":186,"column":25}},"94":{"start":{"line":190,"column":4},"end":{"line":190,"column":61}},"95":{"start":{"line":195,"column":4},"end":{"line":195,"column":67}},"96":{"start":{"line":196,"column":4},"end":{"line":203,"column":5}},"97":{"start":{"line":196,"column":17},"end":{"line":196,"column":18}},"98":{"start":{"line":197,"column":19},"end":{"line":197,"column":66}},"99":{"start":{"line":198,"column":6},"end":{"line":202,"column":7}},"100":{"start":{"line":199,"column":8},"end":{"line":199,"column":24}},"101":{"start":{"line":200,"column":8},"end":{"line":200,"column":109}},"102":{"start":{"line":201,"column":8},"end":{"line":201,"column":14}},"103":{"start":{"line":204,"column":4},"end":{"line":204,"column":61}},"104":{"start":{"line":205,"column":4},"end":{"line":205,"column":25}},"105":{"start":{"line":209,"column":4},"end":{"line":209,"column":59}},"106":{"start":{"line":213,"column":4},"end":{"line":213,"column":55}},"107":{"start":{"line":214,"column":4},"end":{"line":214,"column":25}},"108":{"start":{"line":218,"column":4},"end":{"line":218,"column":53}},"109":{"start":{"line":224,"column":21},"end":{"line":224,"column":25}},"110":{"start":{"line":225,"column":4},"end":{"line":226,"column":24}},"111":{"start":{"line":226,"column":6},"end":{"line":226,"column":24}},"112":{"start":{"line":227,"column":22},"end":{"line":227,"column":169}},"113":{"start":{"line":228,"column":20},"end":{"line":228,"column":165}},"114":{"start":{"line":229,"column":20},"end":{"line":229,"column":44}},"115":{"start":{"line":232,"column":30},"end":{"line":232,"column":57}},"116":{"start":{"line":235,"column":4},"end":{"line":239,"column":5}},"117":{"start":{"line":236,"column":6},"end":{"line":237,"column":26}},"118":{"start":{"line":237,"column":8},"end":{"line":237,"column":26}},"119":{"start":{"line":238,"column":6},"end":{"line":238,"column":15}},"120":{"start":{"line":242,"column":4},"end":{"line":248,"column":5}},"121":{"start":{"line":243,"column":6},"end":{"line":246,"column":7}},"122":{"start":{"line":245,"column":8},"end":{"line":245,"column":26}},"123":{"start":{"line":247,"column":6},"end":{"line":247,"column":23}},"124":{"start":{"line":251,"column":4},"end":{"line":251,"column":87}},"125":{"start":{"line":255,"column":4},"end":{"line":255,"column":16}}},"fnMap":{"0":{"name":"scrollEventSource","decl":{"start":{"line":19,"column":9},"end":{"line":19,"column":26}},"loc":{"start":{"line":19,"column":41},"end":{"line":23,"column":1}},"line":19},"1":{"name":"calculateTargetEffectEnd","decl":{"start":{"line":25,"column":16},"end":{"line":25,"column":40}},"loc":{"start":{"line":25,"column":50},"end":{"line":29,"column":1}},"line":25},"2":{"name":"installScrollOffsetExtension","decl":{"start":{"line":33,"column":16},"end":{"line":33,"column":44}},"loc":{"start":{"line":33,"column":78},"end":{"line":39,"column":1}},"line":33},"3":{"name":"calculateMaxScrollOffset","decl":{"start":{"line":41,"column":16},"end":{"line":41,"column":40}},"loc":{"start":{"line":41,"column":68},"end":{"line":52,"column":1}},"line":41},"4":{"name":"calculateScrollOffset","decl":{"start":{"line":54,"column":16},"end":{"line":54,"column":37}},"loc":{"start":{"line":54,"column":88},"end":{"line":70,"column":1}},"line":54},"5":{"name":"calculateTimeRange","decl":{"start":{"line":72,"column":9},"end":{"line":72,"column":27}},"loc":{"start":{"line":72,"column":44},"end":{"line":84,"column":1}},"line":72},"6":{"name":"updateInternal","decl":{"start":{"line":86,"column":9},"end":{"line":86,"column":23}},"loc":{"start":{"line":86,"column":48},"end":{"line":102,"column":1}},"line":86},"7":{"name":"addAnimation","decl":{"start":{"line":104,"column":16},"end":{"line":104,"column":28}},"loc":{"start":{"line":104,"column":65},"end":{"line":110,"column":1}},"line":104},"8":{"name":"_getStlOptions","decl":{"start":{"line":113,"column":16},"end":{"line":113,"column":30}},"loc":{"start":{"line":113,"column":47},"end":{"line":115,"column":1}},"line":113},"9":{"name":"removeAnimation","decl":{"start":{"line":117,"column":9},"end":{"line":117,"column":24}},"loc":{"start":{"line":117,"column":52},"end":{"line":124,"column":1}},"line":117},"10":{"name":"(anonymous_10)","decl":{"start":{"line":127,"column":2},"end":{"line":127,"column":3}},"loc":{"start":{"line":127,"column":23},"end":{"line":146,"column":3}},"line":127},"11":{"name":"(anonymous_11)","decl":{"start":{"line":148,"column":2},"end":{"line":148,"column":3}},"loc":{"start":{"line":148,"column":28},"end":{"line":156,"column":3}},"line":148},"12":{"name":"(anonymous_12)","decl":{"start":{"line":150,"column":73},"end":{"line":150,"column":74}},"loc":{"start":{"line":150,"column":79},"end":{"line":150,"column":99}},"line":150},"13":{"name":"(anonymous_13)","decl":{"start":{"line":154,"column":58},"end":{"line":154,"column":59}},"loc":{"start":{"line":154,"column":64},"end":{"line":154,"column":84}},"line":154},"14":{"name":"(anonymous_14)","decl":{"start":{"line":158,"column":2},"end":{"line":158,"column":3}},"loc":{"start":{"line":158,"column":21},"end":{"line":160,"column":3}},"line":158},"15":{"name":"(anonymous_15)","decl":{"start":{"line":162,"column":2},"end":{"line":162,"column":3}},"loc":{"start":{"line":162,"column":31},"end":{"line":167,"column":3}},"line":162},"16":{"name":"(anonymous_16)","decl":{"start":{"line":169,"column":2},"end":{"line":169,"column":3}},"loc":{"start":{"line":169,"column":20},"end":{"line":171,"column":3}},"line":169},"17":{"name":"(anonymous_17)","decl":{"start":{"line":173,"column":2},"end":{"line":173,"column":3}},"loc":{"start":{"line":173,"column":32},"end":{"line":187,"column":3}},"line":173},"18":{"name":"(anonymous_18)","decl":{"start":{"line":189,"column":2},"end":{"line":189,"column":3}},"loc":{"start":{"line":189,"column":26},"end":{"line":191,"column":3}},"line":189},"19":{"name":"(anonymous_19)","decl":{"start":{"line":193,"column":2},"end":{"line":193,"column":3}},"loc":{"start":{"line":193,"column":30},"end":{"line":206,"column":3}},"line":193},"20":{"name":"(anonymous_20)","decl":{"start":{"line":208,"column":2},"end":{"line":208,"column":3}},"loc":{"start":{"line":208,"column":24},"end":{"line":210,"column":3}},"line":208},"21":{"name":"(anonymous_21)","decl":{"start":{"line":212,"column":2},"end":{"line":212,"column":3}},"loc":{"start":{"line":212,"column":24},"end":{"line":215,"column":3}},"line":212},"22":{"name":"(anonymous_22)","decl":{"start":{"line":217,"column":2},"end":{"line":217,"column":3}},"loc":{"start":{"line":217,"column":18},"end":{"line":219,"column":3}},"line":217},"23":{"name":"(anonymous_23)","decl":{"start":{"line":221,"column":2},"end":{"line":221,"column":3}},"loc":{"start":{"line":221,"column":20},"end":{"line":252,"column":3}},"line":221},"24":{"name":"(anonymous_24)","decl":{"start":{"line":254,"column":2},"end":{"line":254,"column":3}},"loc":{"start":{"line":254,"column":19},"end":{"line":256,"column":3}},"line":254}},"branchMap":{"0":{"loc":{"start":{"line":20,"column":2},"end":{"line":21,"column":20}},"type":"if","locations":[{"start":{"line":20,"column":2},"end":{"line":21,"column":20}},{"start":{"line":20,"column":2},"end":{"line":21,"column":20}}],"line":20},"1":{"loc":{"start":{"line":26,"column":2},"end":{"line":27,"column":20}},"type":"if","locations":[{"start":{"line":26,"column":2},"end":{"line":27,"column":20}},{"start":{"line":26,"column":2},"end":{"line":27,"column":20}}],"line":26},"2":{"loc":{"start":{"line":28,"column":19},"end":{"line":28,"column":42}},"type":"binary-expr","locations":[{"start":{"line":28,"column":19},"end":{"line":28,"column":37}},{"start":{"line":28,"column":41},"end":{"line":28,"column":42}}],"line":28},"3":{"loc":{"start":{"line":28,"column":47},"end":{"line":28,"column":68}},"type":"binary-expr","locations":[{"start":{"line":28,"column":47},"end":{"line":28,"column":63}},{"start":{"line":28,"column":67},"end":{"line":28,"column":68}}],"line":28},"4":{"loc":{"start":{"line":28,"column":73},"end":{"line":28,"column":100}},"type":"binary-expr","locations":[{"start":{"line":28,"column":73},"end":{"line":28,"column":95}},{"start":{"line":28,"column":99},"end":{"line":28,"column":100}}],"line":28},"5":{"loc":{"start":{"line":28,"column":105},"end":{"line":28,"column":126}},"type":"binary-expr","locations":[{"start":{"line":28,"column":105},"end":{"line":28,"column":121}},{"start":{"line":28,"column":125},"end":{"line":28,"column":126}}],"line":28},"6":{"loc":{"start":{"line":43,"column":2},"end":{"line":46,"column":31}},"type":"if","locations":[{"start":{"line":43,"column":2},"end":{"line":46,"column":31}},{"start":{"line":43,"column":2},"end":{"line":46,"column":31}}],"line":43},"7":{"loc":{"start":{"line":45,"column":7},"end":{"line":46,"column":31}},"type":"if","locations":[{"start":{"line":45,"column":7},"end":{"line":46,"column":31}},{"start":{"line":45,"column":7},"end":{"line":46,"column":31}}],"line":45},"8":{"loc":{"start":{"line":47,"column":2},"end":{"line":50,"column":63}},"type":"if","locations":[{"start":{"line":47,"column":2},"end":{"line":50,"column":63}},{"start":{"line":47,"column":2},"end":{"line":50,"column":63}}],"line":47},"9":{"loc":{"start":{"line":49,"column":7},"end":{"line":50,"column":63}},"type":"if","locations":[{"start":{"line":49,"column":7},"end":{"line":50,"column":63}},{"start":{"line":49,"column":7},"end":{"line":50,"column":63}}],"line":49},"10":{"loc":{"start":{"line":55,"column":2},"end":{"line":56,"column":87}},"type":"if","locations":[{"start":{"line":55,"column":2},"end":{"line":56,"column":87}},{"start":{"line":55,"column":2},"end":{"line":56,"column":87}}],"line":55},"11":{"loc":{"start":{"line":56,"column":49},"end":{"line":56,"column":85}},"type":"cond-expr","locations":[{"start":{"line":56,"column":70},"end":{"line":56,"column":77}},{"start":{"line":56,"column":80},"end":{"line":56,"column":85}}],"line":56},"12":{"loc":{"start":{"line":58,"column":2},"end":{"line":61,"column":31}},"type":"if","locations":[{"start":{"line":58,"column":2},"end":{"line":61,"column":31}},{"start":{"line":58,"column":2},"end":{"line":61,"column":31}}],"line":58},"13":{"loc":{"start":{"line":60,"column":7},"end":{"line":61,"column":31}},"type":"if","locations":[{"start":{"line":60,"column":7},"end":{"line":61,"column":31}},{"start":{"line":60,"column":7},"end":{"line":61,"column":31}}],"line":60},"14":{"loc":{"start":{"line":63,"column":17},"end":{"line":65,"column":55}},"type":"cond-expr","locations":[{"start":{"line":64,"column":4},"end":{"line":64,"column":57}},{"start":{"line":65,"column":4},"end":{"line":65,"column":55}}],"line":63},"15":{"loc":{"start":{"line":66,"column":27},"end":{"line":66,"column":65}},"type":"cond-expr","locations":[{"start":{"line":66,"column":47},"end":{"line":66,"column":56}},{"start":{"line":66,"column":59},"end":{"line":66,"column":65}}],"line":66},"16":{"loc":{"start":{"line":67,"column":2},"end":{"line":68,"column":53}},"type":"if","locations":[{"start":{"line":67,"column":2},"end":{"line":68,"column":53}},{"start":{"line":67,"column":2},"end":{"line":68,"column":53}}],"line":67},"17":{"loc":{"start":{"line":74,"column":2},"end":{"line":82,"column":3}},"type":"if","locations":[{"start":{"line":74,"column":2},"end":{"line":82,"column":3}},{"start":{"line":74,"column":2},"end":{"line":82,"column":3}}],"line":74},"18":{"loc":{"start":{"line":80,"column":4},"end":{"line":81,"column":20}},"type":"if","locations":[{"start":{"line":80,"column":4},"end":{"line":81,"column":20}},{"start":{"line":80,"column":4},"end":{"line":81,"column":20}}],"line":80},"19":{"loc":{"start":{"line":88,"column":2},"end":{"line":89,"column":11}},"type":"if","locations":[{"start":{"line":88,"column":2},"end":{"line":89,"column":11}},{"start":{"line":88,"column":2},"end":{"line":89,"column":11}}],"line":88},"20":{"loc":{"start":{"line":95,"column":4},"end":{"line":100,"column":5}},"type":"if","locations":[{"start":{"line":95,"column":4},"end":{"line":100,"column":5}},{"start":{"line":95,"column":4},"end":{"line":100,"column":5}}],"line":95},"21":{"loc":{"start":{"line":96,"column":6},"end":{"line":97,"column":31}},"type":"if","locations":[{"start":{"line":96,"column":6},"end":{"line":97,"column":31}},{"start":{"line":96,"column":6},"end":{"line":97,"column":31}}],"line":96},"22":{"loc":{"start":{"line":120,"column":2},"end":{"line":121,"column":11}},"type":"if","locations":[{"start":{"line":120,"column":2},"end":{"line":121,"column":11}},{"start":{"line":120,"column":2},"end":{"line":121,"column":11}}],"line":120},"23":{"loc":{"start":{"line":140,"column":24},"end":{"line":140,"column":84}},"type":"binary-expr","locations":[{"start":{"line":140,"column":24},"end":{"line":140,"column":31}},{"start":{"line":140,"column":35},"end":{"line":140,"column":55}},{"start":{"line":140,"column":59},"end":{"line":140,"column":84}}],"line":140},"24":{"loc":{"start":{"line":141,"column":23},"end":{"line":141,"column":64}},"type":"binary-expr","locations":[{"start":{"line":141,"column":23},"end":{"line":141,"column":30}},{"start":{"line":141,"column":34},"end":{"line":141,"column":53}},{"start":{"line":141,"column":57},"end":{"line":141,"column":64}}],"line":141},"25":{"loc":{"start":{"line":142,"column":29},"end":{"line":142,"column":75}},"type":"binary-expr","locations":[{"start":{"line":142,"column":29},"end":{"line":142,"column":36}},{"start":{"line":142,"column":40},"end":{"line":142,"column":65}},{"start":{"line":142,"column":69},"end":{"line":142,"column":75}}],"line":142},"26":{"loc":{"start":{"line":143,"column":27},"end":{"line":143,"column":71}},"type":"binary-expr","locations":[{"start":{"line":143,"column":27},"end":{"line":143,"column":34}},{"start":{"line":143,"column":38},"end":{"line":143,"column":61}},{"start":{"line":143,"column":65},"end":{"line":143,"column":71}}],"line":143},"27":{"loc":{"start":{"line":144,"column":21},"end":{"line":144,"column":59}},"type":"binary-expr","locations":[{"start":{"line":144,"column":21},"end":{"line":144,"column":28}},{"start":{"line":144,"column":32},"end":{"line":144,"column":49}},{"start":{"line":144,"column":53},"end":{"line":144,"column":59}}],"line":144},"28":{"loc":{"start":{"line":145,"column":16},"end":{"line":145,"column":49}},"type":"binary-expr","locations":[{"start":{"line":145,"column":16},"end":{"line":145,"column":23}},{"start":{"line":145,"column":27},"end":{"line":145,"column":39}},{"start":{"line":145,"column":43},"end":{"line":145,"column":49}}],"line":145},"29":{"loc":{"start":{"line":149,"column":4},"end":{"line":150,"column":101}},"type":"if","locations":[{"start":{"line":149,"column":4},"end":{"line":150,"column":101}},{"start":{"line":149,"column":4},"end":{"line":150,"column":101}}],"line":149},"30":{"loc":{"start":{"line":151,"column":4},"end":{"line":152,"column":42}},"type":"if","locations":[{"start":{"line":151,"column":4},"end":{"line":152,"column":42}},{"start":{"line":151,"column":4},"end":{"line":152,"column":42}}],"line":151},"31":{"loc":{"start":{"line":163,"column":4},"end":{"line":164,"column":28}},"type":"if","locations":[{"start":{"line":163,"column":4},"end":{"line":164,"column":28}},{"start":{"line":163,"column":4},"end":{"line":164,"column":28}}],"line":163},"32":{"loc":{"start":{"line":179,"column":6},"end":{"line":183,"column":7}},"type":"if","locations":[{"start":{"line":179,"column":6},"end":{"line":183,"column":7}},{"start":{"line":179,"column":6},"end":{"line":183,"column":7}}],"line":179},"33":{"loc":{"start":{"line":198,"column":6},"end":{"line":202,"column":7}},"type":"if","locations":[{"start":{"line":198,"column":6},"end":{"line":202,"column":7}},{"start":{"line":198,"column":6},"end":{"line":202,"column":7}}],"line":198},"34":{"loc":{"start":{"line":225,"column":4},"end":{"line":226,"column":24}},"type":"if","locations":[{"start":{"line":225,"column":4},"end":{"line":226,"column":24}},{"start":{"line":225,"column":4},"end":{"line":226,"column":24}}],"line":225},"35":{"loc":{"start":{"line":235,"column":4},"end":{"line":239,"column":5}},"type":"if","locations":[{"start":{"line":235,"column":4},"end":{"line":239,"column":5}},{"start":{"line":235,"column":4},"end":{"line":239,"column":5}}],"line":235},"36":{"loc":{"start":{"line":236,"column":6},"end":{"line":237,"column":26}},"type":"if","locations":[{"start":{"line":236,"column":6},"end":{"line":237,"column":26}},{"start":{"line":236,"column":6},"end":{"line":237,"column":26}}],"line":236},"37":{"loc":{"start":{"line":236,"column":10},"end":{"line":236,"column":58}},"type":"binary-expr","locations":[{"start":{"line":236,"column":10},"end":{"line":236,"column":30}},{"start":{"line":236,"column":34},"end":{"line":236,"column":58}}],"line":236},"38":{"loc":{"start":{"line":242,"column":4},"end":{"line":248,"column":5}},"type":"if","locations":[{"start":{"line":242,"column":4},"end":{"line":248,"column":5}},{"start":{"line":242,"column":4},"end":{"line":248,"column":5}}],"line":242},"39":{"loc":{"start":{"line":243,"column":6},"end":{"line":246,"column":7}},"type":"if","locations":[{"start":{"line":243,"column":6},"end":{"line":246,"column":7}},{"start":{"line":243,"column":6},"end":{"line":246,"column":7}}],"line":243},"40":{"loc":{"start":{"line":243,"column":10},"end":{"line":244,"column":59}},"type":"binary-expr","locations":[{"start":{"line":243,"column":10},"end":{"line":243,"column":83}},{"start":{"line":244,"column":9},"end":{"line":244,"column":29}},{"start":{"line":244,"column":33},"end":{"line":244,"column":58}}],"line":243}},"s":{"0":1,"1":2,"2":2,"3":0,"4":6,"5":1,"6":5,"7":1,"8":1,"9":1,"10":4,"11":1,"12":3,"13":1,"14":4,"15":2,"16":2,"17":2,"18":4,"19":1,"20":3,"21":1,"22":2,"23":0,"24":3,"25":3,"26":3,"27":1,"28":2,"29":0,"30":0,"31":0,"32":0,"33":0,"34":0,"35":0,"36":0,"37":0,"38":0,"39":12,"40":12,"41":10,"42":2,"43":2,"44":2,"45":3,"46":3,"47":0,"48":0,"49":2,"50":2,"51":2,"52":2,"53":2,"54":1,"55":0,"56":0,"57":0,"58":0,"59":0,"60":0,"61":2,"62":2,"63":2,"64":2,"65":2,"66":2,"67":2,"68":2,"69":0,"70":0,"71":2,"72":2,"73":2,"74":2,"75":0,"76":2,"77":4,"78":2,"79":0,"80":2,"81":2,"82":0,"83":2,"84":2,"85":2,"86":2,"87":2,"88":2,"89":2,"90":2,"91":2,"92":2,"93":2,"94":0,"95":2,"96":2,"97":2,"98":2,"99":2,"100":2,"101":2,"102":2,"103":2,"104":2,"105":0,"106":2,"107":2,"108":0,"109":2,"110":2,"111":2,"112":0,"113":0,"114":0,"115":0,"116":0,"117":0,"118":0,"119":0,"120":0,"121":0,"122":0,"123":0,"124":0,"125":1},"f":{"0":2,"1":6,"2":1,"3":4,"4":4,"5":0,"6":12,"7":2,"8":1,"9":0,"10":2,"11":2,"12":0,"13":0,"14":4,"15":2,"16":0,"17":2,"18":0,"19":2,"20":0,"21":2,"22":0,"23":2,"24":1},"b":{"0":[2,0],"1":[1,5],"2":[5,2],"3":[5,1],"4":[5,1],"5":[5,3],"6":[1,3],"7":[1,2],"8":[2,2],"9":[2,0],"10":[1,3],"11":[0,1],"12":[1,2],"13":[0,2],"14":[2,1],"15":[0,3],"16":[1,2],"17":[0,0],"18":[0,0],"19":[10,2],"20":[3,0],"21":[0,3],"22":[0,0],"23":[2,0,2],"24":[2,0,2],"25":[2,0,2],"26":[2,0,2],"27":[2,0,2],"28":[2,0,2],"29":[0,2],"30":[2,0],"31":[0,2],"32":[2,0],"33":[2,0],"34":[2,0],"35":[0,0],"36":[0,0],"37":[0,0],"38":[0,0],"39":[0,0],"40":[0,0,0]},"_coverageSchema":"1a1c01bbd47fc00a2c39e90264f33305004495a9","hash":"005376397576c7e685b3ea6f84b62cce2bb3f53a"}
,"/Users/zouhir/Projects/scroll-timeline/src/utils.js": {"path":"/Users/zouhir/Projects/scroll-timeline/src/utils.js","statementMap":{"0":{"start":{"line":2,"column":16},"end":{"line":2,"column":63}},"1":{"start":{"line":3,"column":2},"end":{"line":8,"column":3}},"2":{"start":{"line":4,"column":4},"end":{"line":7,"column":5}},"3":{"start":{"line":9,"column":2},"end":{"line":9,"column":13}}},"fnMap":{"0":{"name":"parseLength","decl":{"start":{"line":1,"column":16},"end":{"line":1,"column":27}},"loc":{"start":{"line":1,"column":33},"end":{"line":10,"column":1}},"line":1}},"branchMap":{"0":{"loc":{"start":{"line":3,"column":2},"end":{"line":8,"column":3}},"type":"if","locations":[{"start":{"line":3,"column":2},"end":{"line":8,"column":3}},{"start":{"line":3,"column":2},"end":{"line":8,"column":3}}],"line":3}},"s":{"0":9,"1":9,"2":8,"3":1},"f":{"0":9},"b":{"0":[8,1]},"_coverageSchema":"1a1c01bbd47fc00a2c39e90264f33305004495a9","hash":"6e110568aa17dd5fa614f0f6106e5cf018eb9a20"}
}
