{"/Users/zouhirchahoud/Projects/scroll-timeline/src/scroll-timeline-base.js": {"path":"/Users/zouhirchahoud/Projects/scroll-timeline/src/scroll-timeline-base.js","statementMap":{"0":{"start":{"line":17,"column":21},"end":{"line":17,"column":30}},"1":{"start":{"line":19,"column":28},"end":{"line":19,"column":41}},"2":{"start":{"line":22,"column":2},"end":{"line":23,"column":20}},"3":{"start":{"line":23,"column":4},"end":{"line":23,"column":20}},"4":{"start":{"line":24,"column":2},"end":{"line":24,"column":22}},"5":{"start":{"line":28,"column":2},"end":{"line":29,"column":20}},"6":{"start":{"line":29,"column":4},"end":{"line":29,"column":20}},"7":{"start":{"line":30,"column":2},"end":{"line":30,"column":132}},"8":{"start":{"line":33,"column":37},"end":{"line":33,"column":39}},"9":{"start":{"line":36,"column":2},"end":{"line":36,"column":73}},"10":{"start":{"line":41,"column":2},"end":{"line":44,"column":31}},"11":{"start":{"line":42,"column":4},"end":{"line":42,"column":29}},"12":{"start":{"line":43,"column":7},"end":{"line":44,"column":31}},"13":{"start":{"line":44,"column":4},"end":{"line":44,"column":31}},"14":{"start":{"line":45,"column":2},"end":{"line":48,"column":63}},"15":{"start":{"line":46,"column":4},"end":{"line":46,"column":65}},"16":{"start":{"line":47,"column":7},"end":{"line":48,"column":63}},"17":{"start":{"line":48,"column":4},"end":{"line":48,"column":63}},"18":{"start":{"line":53,"column":2},"end":{"line":54,"column":87}},"19":{"start":{"line":54,"column":4},"end":{"line":54,"column":87}},"20":{"start":{"line":56,"column":2},"end":{"line":59,"column":31}},"21":{"start":{"line":57,"column":4},"end":{"line":57,"column":29}},"22":{"start":{"line":58,"column":7},"end":{"line":59,"column":31}},"23":{"start":{"line":59,"column":4},"end":{"line":59,"column":31}},"24":{"start":{"line":61,"column":17},"end":{"line":63,"column":55}},"25":{"start":{"line":64,"column":2},"end":{"line":64,"column":23}},"26":{"start":{"line":65,"column":15},"end":{"line":65,"column":66}},"27":{"start":{"line":66,"column":2},"end":{"line":67,"column":53}},"28":{"start":{"line":67,"column":4},"end":{"line":67,"column":53}},"29":{"start":{"line":68,"column":2},"end":{"line":68,"column":34}},"30":{"start":{"line":72,"column":18},"end":{"line":72,"column":42}},"31":{"start":{"line":73,"column":2},"end":{"line":81,"column":3}},"32":{"start":{"line":74,"column":4},"end":{"line":74,"column":18}},"33":{"start":{"line":75,"column":18},"end":{"line":75,"column":76}},"34":{"start":{"line":76,"column":4},"end":{"line":78,"column":5}},"35":{"start":{"line":76,"column":17},"end":{"line":76,"column":18}},"36":{"start":{"line":77,"column":6},"end":{"line":77,"column":76}},"37":{"start":{"line":79,"column":4},"end":{"line":80,"column":20}},"38":{"start":{"line":80,"column":6},"end":{"line":80,"column":20}},"39":{"start":{"line":82,"column":2},"end":{"line":82,"column":19}},"40":{"start":{"line":86,"column":19},"end":{"line":86,"column":61}},"41":{"start":{"line":87,"column":2},"end":{"line":88,"column":11}},"42":{"start":{"line":88,"column":4},"end":{"line":88,"column":11}},"43":{"start":{"line":89,"column":20},"end":{"line":89,"column":36}},"44":{"start":{"line":90,"column":2},"end":{"line":100,"column":3}},"45":{"start":{"line":90,"column":15},"end":{"line":90,"column":16}},"46":{"start":{"line":94,"column":4},"end":{"line":99,"column":5}},"47":{"start":{"line":95,"column":6},"end":{"line":96,"column":31}},"48":{"start":{"line":96,"column":8},"end":{"line":96,"column":31}},"49":{"start":{"line":98,"column":6},"end":{"line":98,"column":46}},"50":{"start":{"line":104,"column":19},"end":{"line":104,"column":71}},"51":{"start":{"line":105,"column":25},"end":{"line":105,"column":83}},"52":{"start":{"line":106,"column":2},"end":{"line":106,"column":29}},"53":{"start":{"line":107,"column":2},"end":{"line":107,"column":33}},"54":{"start":{"line":108,"column":2},"end":{"line":108,"column":39}},"55":{"start":{"line":112,"column":19},"end":{"line":112,"column":71}},"56":{"start":{"line":113,"column":14},"end":{"line":113,"column":43}},"57":{"start":{"line":114,"column":2},"end":{"line":115,"column":11}},"58":{"start":{"line":115,"column":4},"end":{"line":115,"column":11}},"59":{"start":{"line":116,"column":2},"end":{"line":116,"column":30}},"60":{"start":{"line":117,"column":2},"end":{"line":117,"column":78}},"61":{"start":{"line":122,"column":4},"end":{"line":134,"column":7}},"62":{"start":{"line":135,"column":4},"end":{"line":135,"column":85}},"63":{"start":{"line":136,"column":4},"end":{"line":136,"column":65}},"64":{"start":{"line":137,"column":4},"end":{"line":137,"column":76}},"65":{"start":{"line":138,"column":4},"end":{"line":138,"column":72}},"66":{"start":{"line":139,"column":4},"end":{"line":139,"column":60}},"67":{"start":{"line":140,"column":4},"end":{"line":140,"column":50}},"68":{"start":{"line":144,"column":19},"end":{"line":144,"column":50}},"69":{"start":{"line":145,"column":4},"end":{"line":146,"column":98}},"70":{"start":{"line":146,"column":6},"end":{"line":146,"column":98}},"71":{"start":{"line":147,"column":4},"end":{"line":148,"column":42}},"72":{"start":{"line":148,"column":6},"end":{"line":148,"column":42}},"73":{"start":{"line":149,"column":4},"end":{"line":149,"column":59}},"74":{"start":{"line":150,"column":4},"end":{"line":150,"column":83}},"75":{"start":{"line":151,"column":4},"end":{"line":151,"column":31}},"76":{"start":{"line":155,"column":4},"end":{"line":155,"column":56}},"77":{"start":{"line":159,"column":4},"end":{"line":160,"column":28}},"78":{"start":{"line":160,"column":6},"end":{"line":160,"column":28}},"79":{"start":{"line":161,"column":4},"end":{"line":161,"column":62}},"80":{"start":{"line":162,"column":4},"end":{"line":162,"column":31}},"81":{"start":{"line":166,"column":4},"end":{"line":166,"column":55}},"82":{"start":{"line":171,"column":4},"end":{"line":171,"column":69}},"83":{"start":{"line":172,"column":4},"end":{"line":179,"column":5}},"84":{"start":{"line":172,"column":17},"end":{"line":172,"column":18}},"85":{"start":{"line":173,"column":19},"end":{"line":173,"column":63}},"86":{"start":{"line":174,"column":6},"end":{"line":178,"column":7}},"87":{"start":{"line":175,"column":8},"end":{"line":175,"column":24}},"88":{"start":{"line":176,"column":8},"end":{"line":176,"column":105}},"89":{"start":{"line":177,"column":8},"end":{"line":177,"column":14}},"90":{"start":{"line":180,"column":4},"end":{"line":180,"column":63}},"91":{"start":{"line":181,"column":4},"end":{"line":181,"column":31}},"92":{"start":{"line":185,"column":4},"end":{"line":185,"column":61}},"93":{"start":{"line":190,"column":4},"end":{"line":190,"column":67}},"94":{"start":{"line":191,"column":4},"end":{"line":198,"column":5}},"95":{"start":{"line":191,"column":17},"end":{"line":191,"column":18}},"96":{"start":{"line":192,"column":19},"end":{"line":192,"column":63}},"97":{"start":{"line":193,"column":6},"end":{"line":197,"column":7}},"98":{"start":{"line":194,"column":8},"end":{"line":194,"column":24}},"99":{"start":{"line":195,"column":8},"end":{"line":195,"column":103}},"100":{"start":{"line":196,"column":8},"end":{"line":196,"column":14}},"101":{"start":{"line":199,"column":4},"end":{"line":199,"column":61}},"102":{"start":{"line":200,"column":4},"end":{"line":200,"column":31}},"103":{"start":{"line":204,"column":4},"end":{"line":204,"column":59}},"104":{"start":{"line":208,"column":4},"end":{"line":208,"column":55}},"105":{"start":{"line":209,"column":4},"end":{"line":209,"column":31}},"106":{"start":{"line":213,"column":4},"end":{"line":213,"column":53}},"107":{"start":{"line":219,"column":21},"end":{"line":219,"column":25}},"108":{"start":{"line":220,"column":4},"end":{"line":221,"column":24}},"109":{"start":{"line":221,"column":6},"end":{"line":221,"column":24}},"110":{"start":{"line":222,"column":22},"end":{"line":222,"column":169}},"111":{"start":{"line":223,"column":20},"end":{"line":223,"column":165}},"112":{"start":{"line":224,"column":20},"end":{"line":224,"column":44}},"113":{"start":{"line":227,"column":30},"end":{"line":227,"column":57}},"114":{"start":{"line":230,"column":4},"end":{"line":234,"column":5}},"115":{"start":{"line":231,"column":6},"end":{"line":232,"column":26}},"116":{"start":{"line":232,"column":8},"end":{"line":232,"column":26}},"117":{"start":{"line":233,"column":6},"end":{"line":233,"column":15}},"118":{"start":{"line":237,"column":4},"end":{"line":243,"column":5}},"119":{"start":{"line":238,"column":6},"end":{"line":241,"column":7}},"120":{"start":{"line":240,"column":8},"end":{"line":240,"column":26}},"121":{"start":{"line":242,"column":6},"end":{"line":242,"column":23}},"122":{"start":{"line":246,"column":4},"end":{"line":246,"column":87}}},"fnMap":{"0":{"name":"scrollEventSource","decl":{"start":{"line":21,"column":9},"end":{"line":21,"column":26}},"loc":{"start":{"line":21,"column":41},"end":{"line":25,"column":1}},"line":21},"1":{"name":"calculateTargetEffectEnd","decl":{"start":{"line":27,"column":16},"end":{"line":27,"column":40}},"loc":{"start":{"line":27,"column":50},"end":{"line":31,"column":1}},"line":27},"2":{"name":"installScrollOffsetExtension","decl":{"start":{"line":35,"column":16},"end":{"line":35,"column":44}},"loc":{"start":{"line":35,"column":78},"end":{"line":37,"column":1}},"line":35},"3":{"name":"calculateMaxScrollOffset","decl":{"start":{"line":39,"column":16},"end":{"line":39,"column":40}},"loc":{"start":{"line":39,"column":68},"end":{"line":50,"column":1}},"line":39},"4":{"name":"calculateScrollOffset","decl":{"start":{"line":52,"column":16},"end":{"line":52,"column":37}},"loc":{"start":{"line":52,"column":88},"end":{"line":69,"column":1}},"line":52},"5":{"name":"calculateTimeRange","decl":{"start":{"line":71,"column":9},"end":{"line":71,"column":27}},"loc":{"start":{"line":71,"column":44},"end":{"line":83,"column":1}},"line":71},"6":{"name":"updateInternal","decl":{"start":{"line":85,"column":9},"end":{"line":85,"column":23}},"loc":{"start":{"line":85,"column":26},"end":{"line":101,"column":1}},"line":85},"7":{"name":"addAnimation","decl":{"start":{"line":103,"column":16},"end":{"line":103,"column":28}},"loc":{"start":{"line":103,"column":65},"end":{"line":109,"column":1}},"line":103},"8":{"name":"removeAnimation","decl":{"start":{"line":111,"column":9},"end":{"line":111,"column":24}},"loc":{"start":{"line":111,"column":52},"end":{"line":118,"column":1}},"line":111},"9":{"name":"(anonymous_9)","decl":{"start":{"line":121,"column":2},"end":{"line":121,"column":3}},"loc":{"start":{"line":121,"column":23},"end":{"line":141,"column":3}},"line":121},"10":{"name":"(anonymous_10)","decl":{"start":{"line":143,"column":2},"end":{"line":143,"column":3}},"loc":{"start":{"line":143,"column":28},"end":{"line":152,"column":3}},"line":143},"11":{"name":"(anonymous_11)","decl":{"start":{"line":154,"column":2},"end":{"line":154,"column":3}},"loc":{"start":{"line":154,"column":21},"end":{"line":156,"column":3}},"line":154},"12":{"name":"(anonymous_12)","decl":{"start":{"line":158,"column":2},"end":{"line":158,"column":3}},"loc":{"start":{"line":158,"column":31},"end":{"line":163,"column":3}},"line":158},"13":{"name":"(anonymous_13)","decl":{"start":{"line":165,"column":2},"end":{"line":165,"column":3}},"loc":{"start":{"line":165,"column":20},"end":{"line":167,"column":3}},"line":165},"14":{"name":"(anonymous_14)","decl":{"start":{"line":169,"column":2},"end":{"line":169,"column":3}},"loc":{"start":{"line":169,"column":32},"end":{"line":182,"column":3}},"line":169},"15":{"name":"(anonymous_15)","decl":{"start":{"line":184,"column":2},"end":{"line":184,"column":3}},"loc":{"start":{"line":184,"column":26},"end":{"line":186,"column":3}},"line":184},"16":{"name":"(anonymous_16)","decl":{"start":{"line":188,"column":2},"end":{"line":188,"column":3}},"loc":{"start":{"line":188,"column":30},"end":{"line":201,"column":3}},"line":188},"17":{"name":"(anonymous_17)","decl":{"start":{"line":203,"column":2},"end":{"line":203,"column":3}},"loc":{"start":{"line":203,"column":24},"end":{"line":205,"column":3}},"line":203},"18":{"name":"(anonymous_18)","decl":{"start":{"line":207,"column":2},"end":{"line":207,"column":3}},"loc":{"start":{"line":207,"column":24},"end":{"line":210,"column":3}},"line":207},"19":{"name":"(anonymous_19)","decl":{"start":{"line":212,"column":2},"end":{"line":212,"column":3}},"loc":{"start":{"line":212,"column":18},"end":{"line":214,"column":3}},"line":212},"20":{"name":"(anonymous_20)","decl":{"start":{"line":216,"column":2},"end":{"line":216,"column":3}},"loc":{"start":{"line":216,"column":20},"end":{"line":247,"column":3}},"line":216}},"branchMap":{"0":{"loc":{"start":{"line":22,"column":2},"end":{"line":23,"column":20}},"type":"if","locations":[{"start":{"line":22,"column":2},"end":{"line":23,"column":20}},{"start":{"line":22,"column":2},"end":{"line":23,"column":20}}],"line":22},"1":{"loc":{"start":{"line":28,"column":2},"end":{"line":29,"column":20}},"type":"if","locations":[{"start":{"line":28,"column":2},"end":{"line":29,"column":20}},{"start":{"line":28,"column":2},"end":{"line":29,"column":20}}],"line":28},"2":{"loc":{"start":{"line":30,"column":19},"end":{"line":30,"column":42}},"type":"binary-expr","locations":[{"start":{"line":30,"column":19},"end":{"line":30,"column":37}},{"start":{"line":30,"column":41},"end":{"line":30,"column":42}}],"line":30},"3":{"loc":{"start":{"line":30,"column":47},"end":{"line":30,"column":68}},"type":"binary-expr","locations":[{"start":{"line":30,"column":47},"end":{"line":30,"column":63}},{"start":{"line":30,"column":67},"end":{"line":30,"column":68}}],"line":30},"4":{"loc":{"start":{"line":30,"column":73},"end":{"line":30,"column":100}},"type":"binary-expr","locations":[{"start":{"line":30,"column":73},"end":{"line":30,"column":95}},{"start":{"line":30,"column":99},"end":{"line":30,"column":100}}],"line":30},"5":{"loc":{"start":{"line":30,"column":105},"end":{"line":30,"column":126}},"type":"binary-expr","locations":[{"start":{"line":30,"column":105},"end":{"line":30,"column":121}},{"start":{"line":30,"column":125},"end":{"line":30,"column":126}}],"line":30},"6":{"loc":{"start":{"line":41,"column":2},"end":{"line":44,"column":31}},"type":"if","locations":[{"start":{"line":41,"column":2},"end":{"line":44,"column":31}},{"start":{"line":41,"column":2},"end":{"line":44,"column":31}}],"line":41},"7":{"loc":{"start":{"line":43,"column":7},"end":{"line":44,"column":31}},"type":"if","locations":[{"start":{"line":43,"column":7},"end":{"line":44,"column":31}},{"start":{"line":43,"column":7},"end":{"line":44,"column":31}}],"line":43},"8":{"loc":{"start":{"line":45,"column":2},"end":{"line":48,"column":63}},"type":"if","locations":[{"start":{"line":45,"column":2},"end":{"line":48,"column":63}},{"start":{"line":45,"column":2},"end":{"line":48,"column":63}}],"line":45},"9":{"loc":{"start":{"line":47,"column":7},"end":{"line":48,"column":63}},"type":"if","locations":[{"start":{"line":47,"column":7},"end":{"line":48,"column":63}},{"start":{"line":47,"column":7},"end":{"line":48,"column":63}}],"line":47},"10":{"loc":{"start":{"line":53,"column":2},"end":{"line":54,"column":87}},"type":"if","locations":[{"start":{"line":53,"column":2},"end":{"line":54,"column":87}},{"start":{"line":53,"column":2},"end":{"line":54,"column":87}}],"line":53},"11":{"loc":{"start":{"line":54,"column":49},"end":{"line":54,"column":85}},"type":"cond-expr","locations":[{"start":{"line":54,"column":70},"end":{"line":54,"column":77}},{"start":{"line":54,"column":80},"end":{"line":54,"column":85}}],"line":54},"12":{"loc":{"start":{"line":56,"column":2},"end":{"line":59,"column":31}},"type":"if","locations":[{"start":{"line":56,"column":2},"end":{"line":59,"column":31}},{"start":{"line":56,"column":2},"end":{"line":59,"column":31}}],"line":56},"13":{"loc":{"start":{"line":58,"column":7},"end":{"line":59,"column":31}},"type":"if","locations":[{"start":{"line":58,"column":7},"end":{"line":59,"column":31}},{"start":{"line":58,"column":7},"end":{"line":59,"column":31}}],"line":58},"14":{"loc":{"start":{"line":61,"column":17},"end":{"line":63,"column":55}},"type":"cond-expr","locations":[{"start":{"line":62,"column":4},"end":{"line":62,"column":57}},{"start":{"line":63,"column":4},"end":{"line":63,"column":55}}],"line":61},"15":{"loc":{"start":{"line":65,"column":27},"end":{"line":65,"column":65}},"type":"cond-expr","locations":[{"start":{"line":65,"column":47},"end":{"line":65,"column":56}},{"start":{"line":65,"column":59},"end":{"line":65,"column":65}}],"line":65},"16":{"loc":{"start":{"line":66,"column":2},"end":{"line":67,"column":53}},"type":"if","locations":[{"start":{"line":66,"column":2},"end":{"line":67,"column":53}},{"start":{"line":66,"column":2},"end":{"line":67,"column":53}}],"line":66},"17":{"loc":{"start":{"line":73,"column":2},"end":{"line":81,"column":3}},"type":"if","locations":[{"start":{"line":73,"column":2},"end":{"line":81,"column":3}},{"start":{"line":73,"column":2},"end":{"line":81,"column":3}}],"line":73},"18":{"loc":{"start":{"line":79,"column":4},"end":{"line":80,"column":20}},"type":"if","locations":[{"start":{"line":79,"column":4},"end":{"line":80,"column":20}},{"start":{"line":79,"column":4},"end":{"line":80,"column":20}}],"line":79},"19":{"loc":{"start":{"line":87,"column":2},"end":{"line":88,"column":11}},"type":"if","locations":[{"start":{"line":87,"column":2},"end":{"line":88,"column":11}},{"start":{"line":87,"column":2},"end":{"line":88,"column":11}}],"line":87},"20":{"loc":{"start":{"line":94,"column":4},"end":{"line":99,"column":5}},"type":"if","locations":[{"start":{"line":94,"column":4},"end":{"line":99,"column":5}},{"start":{"line":94,"column":4},"end":{"line":99,"column":5}}],"line":94},"21":{"loc":{"start":{"line":95,"column":6},"end":{"line":96,"column":31}},"type":"if","locations":[{"start":{"line":95,"column":6},"end":{"line":96,"column":31}},{"start":{"line":95,"column":6},"end":{"line":96,"column":31}}],"line":95},"22":{"loc":{"start":{"line":114,"column":2},"end":{"line":115,"column":11}},"type":"if","locations":[{"start":{"line":114,"column":2},"end":{"line":115,"column":11}},{"start":{"line":114,"column":2},"end":{"line":115,"column":11}}],"line":114},"23":{"loc":{"start":{"line":135,"column":24},"end":{"line":135,"column":84}},"type":"binary-expr","locations":[{"start":{"line":135,"column":24},"end":{"line":135,"column":31}},{"start":{"line":135,"column":35},"end":{"line":135,"column":55}},{"start":{"line":135,"column":59},"end":{"line":135,"column":84}}],"line":135},"24":{"loc":{"start":{"line":136,"column":23},"end":{"line":136,"column":64}},"type":"binary-expr","locations":[{"start":{"line":136,"column":23},"end":{"line":136,"column":30}},{"start":{"line":136,"column":34},"end":{"line":136,"column":53}},{"start":{"line":136,"column":57},"end":{"line":136,"column":64}}],"line":136},"25":{"loc":{"start":{"line":137,"column":29},"end":{"line":137,"column":75}},"type":"binary-expr","locations":[{"start":{"line":137,"column":29},"end":{"line":137,"column":36}},{"start":{"line":137,"column":40},"end":{"line":137,"column":65}},{"start":{"line":137,"column":69},"end":{"line":137,"column":75}}],"line":137},"26":{"loc":{"start":{"line":138,"column":27},"end":{"line":138,"column":71}},"type":"binary-expr","locations":[{"start":{"line":138,"column":27},"end":{"line":138,"column":34}},{"start":{"line":138,"column":38},"end":{"line":138,"column":61}},{"start":{"line":138,"column":65},"end":{"line":138,"column":71}}],"line":138},"27":{"loc":{"start":{"line":139,"column":21},"end":{"line":139,"column":59}},"type":"binary-expr","locations":[{"start":{"line":139,"column":21},"end":{"line":139,"column":28}},{"start":{"line":139,"column":32},"end":{"line":139,"column":49}},{"start":{"line":139,"column":53},"end":{"line":139,"column":59}}],"line":139},"28":{"loc":{"start":{"line":140,"column":16},"end":{"line":140,"column":49}},"type":"binary-expr","locations":[{"start":{"line":140,"column":16},"end":{"line":140,"column":23}},{"start":{"line":140,"column":27},"end":{"line":140,"column":39}},{"start":{"line":140,"column":43},"end":{"line":140,"column":49}}],"line":140},"29":{"loc":{"start":{"line":145,"column":4},"end":{"line":146,"column":98}},"type":"if","locations":[{"start":{"line":145,"column":4},"end":{"line":146,"column":98}},{"start":{"line":145,"column":4},"end":{"line":146,"column":98}}],"line":145},"30":{"loc":{"start":{"line":147,"column":4},"end":{"line":148,"column":42}},"type":"if","locations":[{"start":{"line":147,"column":4},"end":{"line":148,"column":42}},{"start":{"line":147,"column":4},"end":{"line":148,"column":42}}],"line":147},"31":{"loc":{"start":{"line":159,"column":4},"end":{"line":160,"column":28}},"type":"if","locations":[{"start":{"line":159,"column":4},"end":{"line":160,"column":28}},{"start":{"line":159,"column":4},"end":{"line":160,"column":28}}],"line":159},"32":{"loc":{"start":{"line":174,"column":6},"end":{"line":178,"column":7}},"type":"if","locations":[{"start":{"line":174,"column":6},"end":{"line":178,"column":7}},{"start":{"line":174,"column":6},"end":{"line":178,"column":7}}],"line":174},"33":{"loc":{"start":{"line":193,"column":6},"end":{"line":197,"column":7}},"type":"if","locations":[{"start":{"line":193,"column":6},"end":{"line":197,"column":7}},{"start":{"line":193,"column":6},"end":{"line":197,"column":7}}],"line":193},"34":{"loc":{"start":{"line":220,"column":4},"end":{"line":221,"column":24}},"type":"if","locations":[{"start":{"line":220,"column":4},"end":{"line":221,"column":24}},{"start":{"line":220,"column":4},"end":{"line":221,"column":24}}],"line":220},"35":{"loc":{"start":{"line":230,"column":4},"end":{"line":234,"column":5}},"type":"if","locations":[{"start":{"line":230,"column":4},"end":{"line":234,"column":5}},{"start":{"line":230,"column":4},"end":{"line":234,"column":5}}],"line":230},"36":{"loc":{"start":{"line":231,"column":6},"end":{"line":232,"column":26}},"type":"if","locations":[{"start":{"line":231,"column":6},"end":{"line":232,"column":26}},{"start":{"line":231,"column":6},"end":{"line":232,"column":26}}],"line":231},"37":{"loc":{"start":{"line":231,"column":10},"end":{"line":231,"column":58}},"type":"binary-expr","locations":[{"start":{"line":231,"column":10},"end":{"line":231,"column":30}},{"start":{"line":231,"column":34},"end":{"line":231,"column":58}}],"line":231},"38":{"loc":{"start":{"line":237,"column":4},"end":{"line":243,"column":5}},"type":"if","locations":[{"start":{"line":237,"column":4},"end":{"line":243,"column":5}},{"start":{"line":237,"column":4},"end":{"line":243,"column":5}}],"line":237},"39":{"loc":{"start":{"line":238,"column":6},"end":{"line":241,"column":7}},"type":"if","locations":[{"start":{"line":238,"column":6},"end":{"line":241,"column":7}},{"start":{"line":238,"column":6},"end":{"line":241,"column":7}}],"line":238},"40":{"loc":{"start":{"line":238,"column":10},"end":{"line":239,"column":59}},"type":"binary-expr","locations":[{"start":{"line":238,"column":10},"end":{"line":238,"column":83}},{"start":{"line":239,"column":9},"end":{"line":239,"column":29}},{"start":{"line":239,"column":33},"end":{"line":239,"column":58}}],"line":238}},"s":{"0":1,"1":1,"2":0,"3":0,"4":0,"5":6,"6":1,"7":5,"8":1,"9":0,"10":4,"11":1,"12":3,"13":1,"14":4,"15":2,"16":2,"17":2,"18":4,"19":1,"20":3,"21":1,"22":2,"23":0,"24":3,"25":3,"26":3,"27":3,"28":1,"29":2,"30":0,"31":0,"32":0,"33":0,"34":0,"35":0,"36":0,"37":0,"38":0,"39":0,"40":0,"41":0,"42":0,"43":0,"44":0,"45":0,"46":0,"47":0,"48":0,"49":0,"50":0,"51":0,"52":0,"53":0,"54":0,"55":0,"56":0,"57":0,"58":0,"59":0,"60":0,"61":0,"62":0,"63":0,"64":0,"65":0,"66":0,"67":0,"68":0,"69":0,"70":0,"71":0,"72":0,"73":0,"74":0,"75":0,"76":0,"77":0,"78":0,"79":0,"80":0,"81":0,"82":0,"83":0,"84":0,"85":0,"86":0,"87":0,"88":0,"89":0,"90":0,"91":0,"92":0,"93":0,"94":0,"95":0,"96":0,"97":0,"98":0,"99":0,"100":0,"101":0,"102":0,"103":0,"104":0,"105":0,"106":0,"107":0,"108":0,"109":0,"110":0,"111":0,"112":0,"113":0,"114":0,"115":0,"116":0,"117":0,"118":0,"119":0,"120":0,"121":0,"122":0},"f":{"0":0,"1":6,"2":0,"3":4,"4":4,"5":0,"6":0,"7":0,"8":0,"9":0,"10":0,"11":0,"12":0,"13":0,"14":0,"15":0,"16":0,"17":0,"18":0,"19":0,"20":0},"b":{"0":[0,0],"1":[1,5],"2":[5,2],"3":[5,1],"4":[5,1],"5":[5,3],"6":[1,3],"7":[1,2],"8":[2,2],"9":[2,0],"10":[1,3],"11":[0,1],"12":[1,2],"13":[0,2],"14":[2,1],"15":[0,3],"16":[1,2],"17":[0,0],"18":[0,0],"19":[0,0],"20":[0,0],"21":[0,0],"22":[0,0],"23":[0,0,0],"24":[0,0,0],"25":[0,0,0],"26":[0,0,0],"27":[0,0,0],"28":[0,0,0],"29":[0,0],"30":[0,0],"31":[0,0],"32":[0,0],"33":[0,0],"34":[0,0],"35":[0,0],"36":[0,0],"37":[0,0],"38":[0,0],"39":[0,0],"40":[0,0,0]},"_coverageSchema":"1a1c01bbd47fc00a2c39e90264f33305004495a9","hash":"87a2ab4f9f3f73875d63882feda08c521f7bcf83"}
,"/Users/zouhirchahoud/Projects/scroll-timeline/src/utils.js": {"path":"/Users/zouhirchahoud/Projects/scroll-timeline/src/utils.js","statementMap":{"0":{"start":{"line":2,"column":16},"end":{"line":2,"column":63}},"1":{"start":{"line":3,"column":2},"end":{"line":8,"column":3}},"2":{"start":{"line":4,"column":4},"end":{"line":7,"column":5}},"3":{"start":{"line":9,"column":2},"end":{"line":9,"column":13}}},"fnMap":{"0":{"name":"parseLength","decl":{"start":{"line":1,"column":16},"end":{"line":1,"column":27}},"loc":{"start":{"line":1,"column":33},"end":{"line":10,"column":1}},"line":1}},"branchMap":{"0":{"loc":{"start":{"line":3,"column":2},"end":{"line":8,"column":3}},"type":"if","locations":[{"start":{"line":3,"column":2},"end":{"line":8,"column":3}},{"start":{"line":3,"column":2},"end":{"line":8,"column":3}}],"line":3}},"s":{"0":9,"1":9,"2":8,"3":1},"f":{"0":9},"b":{"0":[8,1]},"_coverageSchema":"1a1c01bbd47fc00a2c39e90264f33305004495a9","hash":"6443700aa0da41a3400e02b2e69caadb74a7565a"}
}
