TN:
SF:src/scroll-timeline-base.js
FN:19,scrollEventSource
FN:25,calculateTargetEffectEnd
FN:33,installScrollOffsetExtension
FN:41,calculateMaxScrollOffset
FN:54,calculateScrollOffset
FN:72,calculateTimeRange
FN:86,updateInternal
FN:104,addAnimation
FN:113,_getStlOptions
FN:117,removeAnimation
FN:127,(anonymous_10)
FN:148,(anonymous_11)
FN:150,(anonymous_12)
FN:154,(anonymous_13)
FN:158,(anonymous_14)
FN:162,(anonymous_15)
FN:169,(anonymous_16)
FN:173,(anonymous_17)
FN:189,(anonymous_18)
FN:193,(anonymous_19)
FN:208,(anonymous_20)
FN:212,(anonymous_21)
FN:217,(anonymous_22)
FN:221,(anonymous_23)
FN:254,(anonymous_24)
FNF:25
FNH:17
FNDA:2,scrollEventSource
FNDA:6,calculateTargetEffectEnd
FNDA:1,installScrollOffsetExtension
FNDA:4,calculateMaxScrollOffset
FNDA:4,calculateScrollOffset
FNDA:0,calculateTimeRange
FNDA:12,updateInternal
FNDA:2,addAnimation
FNDA:1,_getStlOptions
FNDA:0,removeAnimation
FNDA:2,(anonymous_10)
FNDA:2,(anonymous_11)
FNDA:0,(anonymous_12)
FNDA:0,(anonymous_13)
FNDA:4,(anonymous_14)
FNDA:2,(anonymous_15)
FNDA:0,(anonymous_16)
FNDA:2,(anonymous_17)
FNDA:0,(anonymous_18)
FNDA:2,(anonymous_19)
FNDA:0,(anonymous_20)
FNDA:2,(anonymous_21)
FNDA:0,(anonymous_22)
FNDA:2,(anonymous_23)
FNDA:1,(anonymous_24)
DA:17,1
DA:20,2
DA:21,2
DA:22,0
DA:26,6
DA:27,1
DA:28,5
DA:31,1
DA:34,1
DA:38,1
DA:43,4
DA:44,1
DA:45,3
DA:46,1
DA:47,4
DA:48,2
DA:49,2
DA:50,2
DA:55,4
DA:56,1
DA:58,3
DA:59,1
DA:60,2
DA:61,0
DA:63,3
DA:66,3
DA:67,3
DA:68,1
DA:69,2
DA:73,0
DA:74,0
DA:75,0
DA:76,0
DA:77,0
DA:78,0
DA:80,0
DA:81,0
DA:83,0
DA:87,12
DA:88,12
DA:89,10
DA:90,2
DA:91,2
DA:95,3
DA:96,3
DA:97,0
DA:99,0
DA:105,2
DA:106,2
DA:107,2
DA:108,2
DA:109,2
DA:114,1
DA:118,0
DA:119,0
DA:120,0
DA:121,0
DA:122,0
DA:123,0
DA:128,2
DA:140,2
DA:141,2
DA:142,2
DA:143,2
DA:144,2
DA:145,2
DA:149,2
DA:150,0
DA:151,2
DA:152,2
DA:153,2
DA:154,2
DA:155,2
DA:159,4
DA:163,2
DA:164,0
DA:165,2
DA:166,2
DA:170,0
DA:174,2
DA:176,2
DA:177,2
DA:178,2
DA:179,2
DA:180,2
DA:181,2
DA:182,2
DA:185,2
DA:186,2
DA:190,0
DA:195,2
DA:196,2
DA:197,2
DA:198,2
DA:199,2
DA:200,2
DA:201,2
DA:204,2
DA:205,2
DA:209,0
DA:213,2
DA:214,2
DA:218,0
DA:224,2
DA:225,2
DA:226,2
DA:227,0
DA:228,0
DA:229,0
DA:232,0
DA:235,0
DA:236,0
DA:237,0
DA:238,0
DA:242,0
DA:243,0
DA:245,0
DA:247,0
DA:251,0
DA:255,1
LF:120
LH:82
BRDA:20,0,0,2
BRDA:20,0,1,0
BRDA:26,1,0,1
BRDA:26,1,1,5
BRDA:28,2,0,5
BRDA:28,2,1,2
BRDA:28,3,0,5
BRDA:28,3,1,1
BRDA:28,4,0,5
BRDA:28,4,1,1
BRDA:28,5,0,5
BRDA:28,5,1,3
BRDA:43,6,0,1
BRDA:43,6,1,3
BRDA:45,7,0,1
BRDA:45,7,1,2
BRDA:47,8,0,2
BRDA:47,8,1,2
BRDA:49,9,0,2
BRDA:49,9,1,0
BRDA:55,10,0,1
BRDA:55,10,1,3
BRDA:56,11,0,0
BRDA:56,11,1,1
BRDA:58,12,0,1
BRDA:58,12,1,2
BRDA:60,13,0,0
BRDA:60,13,1,2
BRDA:63,14,0,2
BRDA:63,14,1,1
BRDA:66,15,0,0
BRDA:66,15,1,3
BRDA:67,16,0,1
BRDA:67,16,1,2
BRDA:74,17,0,0
BRDA:74,17,1,0
BRDA:80,18,0,0
BRDA:80,18,1,0
BRDA:88,19,0,10
BRDA:88,19,1,2
BRDA:95,20,0,3
BRDA:95,20,1,0
BRDA:96,21,0,0
BRDA:96,21,1,3
BRDA:120,22,0,0
BRDA:120,22,1,0
BRDA:140,23,0,2
BRDA:140,23,1,0
BRDA:140,23,2,2
BRDA:141,24,0,2
BRDA:141,24,1,0
BRDA:141,24,2,2
BRDA:142,25,0,2
BRDA:142,25,1,0
BRDA:142,25,2,2
BRDA:143,26,0,2
BRDA:143,26,1,0
BRDA:143,26,2,2
BRDA:144,27,0,2
BRDA:144,27,1,0
BRDA:144,27,2,2
BRDA:145,28,0,2
BRDA:145,28,1,0
BRDA:145,28,2,2
BRDA:149,29,0,0
BRDA:149,29,1,2
BRDA:151,30,0,2
BRDA:151,30,1,0
BRDA:163,31,0,0
BRDA:163,31,1,2
BRDA:179,32,0,2
BRDA:179,32,1,0
BRDA:198,33,0,2
BRDA:198,33,1,0
BRDA:225,34,0,2
BRDA:225,34,1,0
BRDA:235,35,0,0
BRDA:235,35,1,0
BRDA:236,36,0,0
BRDA:236,36,1,0
BRDA:236,37,0,0
BRDA:236,37,1,0
BRDA:242,38,0,0
BRDA:242,38,1,0
BRDA:243,39,0,0
BRDA:243,39,1,0
BRDA:243,40,0,0
BRDA:243,40,1,0
BRDA:243,40,2,0
BRF:89
BRH:51
end_of_record
TN:
SF:src/utils.js
FN:1,parseLength
FNF:1
FNH:1
FNDA:9,parseLength
DA:2,9
DA:3,9
DA:4,8
DA:9,1
LF:4
LH:4
BRDA:3,0,0,8
BRDA:3,0,1,1
BRF:2
BRH:2
end_of_record
