TN:
SF:src/scroll-timeline-base.js
FN:21,scrollEventSource
FN:27,calculateTargetEffectEnd
FN:35,installScrollOffsetExtension
FN:39,calculateMaxScrollOffset
FN:52,calculateScrollOffset
FN:71,calculateTimeRange
FN:85,updateInternal
FN:103,addAnimation
FN:111,removeAnimation
FN:121,(anonymous_9)
FN:143,(anonymous_10)
FN:154,(anonymous_11)
FN:158,(anonymous_12)
FN:165,(anonymous_13)
FN:169,(anonymous_14)
FN:184,(anonymous_15)
FN:188,(anonymous_16)
FN:203,(anonymous_17)
FN:207,(anonymous_18)
FN:212,(anonymous_19)
FN:216,(anonymous_20)
FNF:21
FNH:3
FNDA:0,scrollEventSource
FNDA:6,calculateTargetEffectEnd
FNDA:0,installScrollOffsetExtension
FNDA:4,calculateMaxScrollOffset
FNDA:4,calculateScrollOffset
FNDA:0,calculateTimeRange
FNDA:0,updateInternal
FNDA:0,addAnimation
FNDA:0,removeAnimation
FNDA:0,(anonymous_9)
FNDA:0,(anonymous_10)
FNDA:0,(anonymous_11)
FNDA:0,(anonymous_12)
FNDA:0,(anonymous_13)
FNDA:0,(anonymous_14)
FNDA:0,(anonymous_15)
FNDA:0,(anonymous_16)
FNDA:0,(anonymous_17)
FNDA:0,(anonymous_18)
FNDA:0,(anonymous_19)
FNDA:0,(anonymous_20)
DA:17,1
DA:19,1
DA:22,0
DA:23,0
DA:24,0
DA:28,6
DA:29,1
DA:30,5
DA:33,1
DA:36,0
DA:41,4
DA:42,1
DA:43,3
DA:44,1
DA:45,4
DA:46,2
DA:47,2
DA:48,2
DA:53,4
DA:54,1
DA:56,3
DA:57,1
DA:58,2
DA:59,0
DA:61,3
DA:64,3
DA:65,3
DA:66,3
DA:67,1
DA:68,2
DA:72,0
DA:73,0
DA:74,0
DA:75,0
DA:76,0
DA:77,0
DA:79,0
DA:80,0
DA:82,0
DA:86,0
DA:87,0
DA:88,0
DA:89,0
DA:90,0
DA:94,0
DA:95,0
DA:96,0
DA:98,0
DA:104,0
DA:105,0
DA:106,0
DA:107,0
DA:108,0
DA:112,0
DA:113,0
DA:114,0
DA:115,0
DA:116,0
DA:117,0
DA:122,0
DA:135,0
DA:136,0
DA:137,0
DA:138,0
DA:139,0
DA:140,0
DA:144,0
DA:145,0
DA:146,0
DA:147,0
DA:148,0
DA:149,0
DA:150,0
DA:151,0
DA:155,0
DA:159,0
DA:160,0
DA:161,0
DA:162,0
DA:166,0
DA:171,0
DA:172,0
DA:173,0
DA:174,0
DA:175,0
DA:176,0
DA:177,0
DA:180,0
DA:181,0
DA:185,0
DA:190,0
DA:191,0
DA:192,0
DA:193,0
DA:194,0
DA:195,0
DA:196,0
DA:199,0
DA:200,0
DA:204,0
DA:208,0
DA:209,0
DA:213,0
DA:219,0
DA:220,0
DA:221,0
DA:222,0
DA:223,0
DA:224,0
DA:227,0
DA:230,0
DA:231,0
DA:232,0
DA:233,0
DA:237,0
DA:238,0
DA:240,0
DA:242,0
DA:246,0
LF:119
LH:25
BRDA:22,0,0,0
BRDA:22,0,1,0
BRDA:28,1,0,1
BRDA:28,1,1,5
BRDA:30,2,0,5
BRDA:30,2,1,2
BRDA:30,3,0,5
BRDA:30,3,1,1
BRDA:30,4,0,5
BRDA:30,4,1,1
BRDA:30,5,0,5
BRDA:30,5,1,3
BRDA:41,6,0,1
BRDA:41,6,1,3
BRDA:43,7,0,1
BRDA:43,7,1,2
BRDA:45,8,0,2
BRDA:45,8,1,2
BRDA:47,9,0,2
BRDA:47,9,1,0
BRDA:53,10,0,1
BRDA:53,10,1,3
BRDA:54,11,0,0
BRDA:54,11,1,1
BRDA:56,12,0,1
BRDA:56,12,1,2
BRDA:58,13,0,0
BRDA:58,13,1,2
BRDA:61,14,0,2
BRDA:61,14,1,1
BRDA:65,15,0,0
BRDA:65,15,1,3
BRDA:66,16,0,1
BRDA:66,16,1,2
BRDA:73,17,0,0
BRDA:73,17,1,0
BRDA:79,18,0,0
BRDA:79,18,1,0
BRDA:87,19,0,0
BRDA:87,19,1,0
BRDA:94,20,0,0
BRDA:94,20,1,0
BRDA:95,21,0,0
BRDA:95,21,1,0
BRDA:114,22,0,0
BRDA:114,22,1,0
BRDA:135,23,0,0
BRDA:135,23,1,0
BRDA:135,23,2,0
BRDA:136,24,0,0
BRDA:136,24,1,0
BRDA:136,24,2,0
BRDA:137,25,0,0
BRDA:137,25,1,0
BRDA:137,25,2,0
BRDA:138,26,0,0
BRDA:138,26,1,0
BRDA:138,26,2,0
BRDA:139,27,0,0
BRDA:139,27,1,0
BRDA:139,27,2,0
BRDA:140,28,0,0
BRDA:140,28,1,0
BRDA:140,28,2,0
BRDA:145,29,0,0
BRDA:145,29,1,0
BRDA:147,30,0,0
BRDA:147,30,1,0
BRDA:159,31,0,0
BRDA:159,31,1,0
BRDA:174,32,0,0
BRDA:174,32,1,0
BRDA:193,33,0,0
BRDA:193,33,1,0
BRDA:220,34,0,0
BRDA:220,34,1,0
BRDA:230,35,0,0
BRDA:230,35,1,0
BRDA:231,36,0,0
BRDA:231,36,1,0
BRDA:231,37,0,0
BRDA:231,37,1,0
BRDA:237,38,0,0
BRDA:237,38,1,0
BRDA:238,39,0,0
BRDA:238,39,1,0
BRDA:238,40,0,0
BRDA:238,40,1,0
BRDA:238,40,2,0
BRF:89
BRH:28
end_of_record
TN:
SF:src/utils.js
FN:1,parseLength
FNF:1
FNH:1
FNDA:9,parseLength
DA:2,9
DA:3,9
DA:4,8
DA:9,1
LF:4
LH:4
BRDA:3,0,0,8
BRDA:3,0,1,1
BRF:2
BRH:2
end_of_record
